app/build/intermediates/manifest_merge_blame_file/debug/manifest-merger-blame-debug-report.txt
1<?xml version="1.0" encoding="utf-8"?>
2<manifest xmlns:android="http://schemas.android.com/apk/res/android"
3    package="com.application.app"
4    android:versionCode="1"
5    android:versionName="1.0" >
6
7    <uses-sdk
8        android:minSdkVersion="23"
8-->src\main\AndroidManifest.xml
9        android:targetSdkVersion="31" />
9-->src\main\AndroidManifest.xml
10
11    <uses-permission android:name="android.permission.INTERNET" />
11-->src\main\AndroidManifest.xml:5:5-67
11-->src\main\AndroidManifest.xml:5:22-64
12    <uses-permission android:name="android.permission.ACCESS_NETWORK_STATE" />
12-->src\main\AndroidManifest.xml:6:5-79
12-->src\main\AndroidManifest.xml:6:22-76
13
14    <application
14-->src\main\AndroidManifest.xml:8:5-102:19
15        android:name="com.application.app.appcomponents.di.MyApp"
15-->src\main\AndroidManifest.xml:9:9-47
16        android:allowBackup="false"
16-->src\main\AndroidManifest.xml:10:9-36
17        android:appComponentFactory="androidx.core.app.CoreComponentFactory"
17-->[androidx.core:core:1.6.0] AndroidManifest.xml:24:18-86
18        android:debuggable="true"
19        android:extractNativeLibs="false"
20        android:icon="@mipmap/ic_launcher"
20-->src\main\AndroidManifest.xml:11:9-43
21        android:label="@string/app_name"
21-->src\main\AndroidManifest.xml:12:9-41
22        android:largeHeap="true"
22-->src\main\AndroidManifest.xml:13:9-33
23        android:roundIcon="@mipmap/ic_launcher_round"
23-->src\main\AndroidManifest.xml:14:9-54
24        android:supportsRtl="true"
24-->src\main\AndroidManifest.xml:15:9-35
25        android:testOnly="true"
26        android:theme="@style/Theme.MyApp"
26-->src\main\AndroidManifest.xml:16:9-43
27        android:usesCleartextTraffic="true" >
27-->src\main\AndroidManifest.xml:17:9-44
28        <activity
28-->src\main\AndroidManifest.xml:18:9-22:62
29            android:name="com.application.app.DesplegableActivity"
29-->src\main\AndroidManifest.xml:19:13-48
30            android:exported="false"
30-->src\main\AndroidManifest.xml:20:13-37
31            android:label="@string/title_activity_desplegable"
31-->src\main\AndroidManifest.xml:21:13-63
32            android:theme="@style/Theme.MyApp.NoActionBar" />
32-->src\main\AndroidManifest.xml:22:13-59
33        <activity
33-->src\main\AndroidManifest.xml:23:9-25:52
34            android:name="com.application.app.modules.perfil.ui.PerfilActivity"
34-->src\main\AndroidManifest.xml:24:13-61
35            android:screenOrientation="portrait" />
35-->src\main\AndroidManifest.xml:25:13-49
36        <activity
36-->src\main\AndroidManifest.xml:26:9-28:52
37            android:name="com.application.app.modules.appnavigation.ui.AppNavigationActivity"
37-->src\main\AndroidManifest.xml:27:13-75
38            android:screenOrientation="portrait" />
38-->src\main\AndroidManifest.xml:28:13-49
39        <activity
39-->src\main\AndroidManifest.xml:29:9-31:52
40            android:name="com.application.app.modules.apuntes2.ui.Apuntes2Activity"
40-->src\main\AndroidManifest.xml:30:13-65
41            android:screenOrientation="portrait" />
41-->src\main\AndroidManifest.xml:31:13-49
42        <activity
42-->src\main\AndroidManifest.xml:32:9-34:52
43            android:name="com.application.app.modules.apuntessubidos.ui.ApuntesSubidosActivity"
43-->src\main\AndroidManifest.xml:33:13-77
44            android:screenOrientation="portrait" />
44-->src\main\AndroidManifest.xml:34:13-49
45        <activity
45-->src\main\AndroidManifest.xml:35:9-37:52
46            android:name="com.application.app.modules.confirmarlogout.ui.ConfirmarLogoutActivity"
46-->src\main\AndroidManifest.xml:36:13-79
47            android:screenOrientation="portrait" />
47-->src\main\AndroidManifest.xml:37:13-49
48        <activity
48-->src\main\AndroidManifest.xml:38:9-40:52
49            android:name="com.application.app.modules.subirfoto.ui.SubirFotoActivity"
49-->src\main\AndroidManifest.xml:39:13-67
50            android:screenOrientation="portrait" />
50-->src\main\AndroidManifest.xml:40:13-49
51        <activity
51-->src\main\AndroidManifest.xml:41:9-43:52
52            android:name="com.application.app.modules.ampliar.ui.AmpliarActivity"
52-->src\main\AndroidManifest.xml:42:13-63
53            android:screenOrientation="portrait" />
53-->src\main\AndroidManifest.xml:43:13-49
54        <activity
54-->src\main\AndroidManifest.xml:44:9-46:52
55            android:name="com.application.app.modules.eventoeliminadp.ui.EventoEliminadpActivity"
55-->src\main\AndroidManifest.xml:45:13-79
56            android:screenOrientation="portrait" />
56-->src\main\AndroidManifest.xml:46:13-49
57        <activity
57-->src\main\AndroidManifest.xml:47:9-49:52
58            android:name="com.application.app.modules.eventos.ui.EventosActivity"
58-->src\main\AndroidManifest.xml:48:13-63
59            android:screenOrientation="portrait" />
59-->src\main\AndroidManifest.xml:49:13-49
60        <activity
60-->src\main\AndroidManifest.xml:50:9-52:52
61            android:name="com.application.app.modules.fotosubida1.ui.FotoSubida1Activity"
61-->src\main\AndroidManifest.xml:51:13-71
62            android:screenOrientation="portrait" />
62-->src\main\AndroidManifest.xml:52:13-49
63        <activity
63-->src\main\AndroidManifest.xml:53:9-55:52
64            android:name="com.application.app.modules.eventomodificado.ui.EventoModificadoActivity"
64-->src\main\AndroidManifest.xml:54:13-81
65            android:screenOrientation="portrait" />
65-->src\main\AndroidManifest.xml:55:13-49
66        <activity
66-->src\main\AndroidManifest.xml:56:9-58:52
67            android:name="com.application.app.modules.verapuntes.ui.VerApuntesActivity"
67-->src\main\AndroidManifest.xml:57:13-69
68            android:screenOrientation="portrait" />
68-->src\main\AndroidManifest.xml:58:13-49
69        <activity
69-->src\main\AndroidManifest.xml:59:9-61:52
70            android:name="com.application.app.modules.signup.ui.SignUpActivity"
70-->src\main\AndroidManifest.xml:60:13-61
71            android:screenOrientation="portrait" />
71-->src\main\AndroidManifest.xml:61:13-49
72        <activity
72-->src\main\AndroidManifest.xml:62:9-64:52
73            android:name="com.application.app.modules.aadirasignatura.ui.AAdirAsignaturaActivity"
73-->src\main\AndroidManifest.xml:63:13-79
74            android:screenOrientation="portrait" />
74-->src\main\AndroidManifest.xml:64:13-49
75        <activity
75-->src\main\AndroidManifest.xml:65:9-67:52
76            android:name="com.application.app.modules.ocio.ui.OcioActivity"
76-->src\main\AndroidManifest.xml:66:13-57
77            android:screenOrientation="portrait" />
77-->src\main\AndroidManifest.xml:67:13-49
78        <activity
78-->src\main\AndroidManifest.xml:68:9-70:52
79            android:name="com.application.app.modules.menudesplegable.ui.MenuDesplegableActivity"
79-->src\main\AndroidManifest.xml:69:13-79
80            android:screenOrientation="portrait" />
80-->src\main\AndroidManifest.xml:70:13-49
81        <activity
81-->src\main\AndroidManifest.xml:71:9-73:52
82            android:name="com.application.app.modules.editarperfil.ui.EditarPerfilActivity"
82-->src\main\AndroidManifest.xml:72:13-73
83            android:screenOrientation="portrait" />
83-->src\main\AndroidManifest.xml:73:13-49
84        <activity
84-->src\main\AndroidManifest.xml:74:9-76:52
85            android:name="com.application.app.modules.editarevento.ui.EditarEventoActivity"
85-->src\main\AndroidManifest.xml:75:13-73
86            android:screenOrientation="portrait" />
86-->src\main\AndroidManifest.xml:76:13-49
87        <activity
87-->src\main\AndroidManifest.xml:77:9-86:20
88            android:name="com.application.app.modules.login.ui.LoginActivity"
88-->src\main\AndroidManifest.xml:78:13-59
89            android:exported="true"
89-->src\main\AndroidManifest.xml:79:13-36
90            android:screenOrientation="portrait" >
90-->src\main\AndroidManifest.xml:80:13-49
91            <intent-filter>
91-->src\main\AndroidManifest.xml:81:13-85:29
92                <action android:name="android.intent.action.MAIN" />
92-->src\main\AndroidManifest.xml:82:17-69
92-->src\main\AndroidManifest.xml:82:25-66
93
94                <category android:name="android.intent.category.LAUNCHER" />
94-->src\main\AndroidManifest.xml:84:17-77
94-->src\main\AndroidManifest.xml:84:27-74
95            </intent-filter>
96        </activity>
97        <activity
97-->src\main\AndroidManifest.xml:87:9-89:52
98            android:name="com.application.app.modules.calendario.ui.CalendarioActivity"
98-->src\main\AndroidManifest.xml:88:13-69
99            android:screenOrientation="portrait" />
99-->src\main\AndroidManifest.xml:89:13-49
100        <activity
100-->src\main\AndroidManifest.xml:90:9-92:52
101            android:name="com.application.app.modules.fotosubida.ui.FotoSubidaActivity"
101-->src\main\AndroidManifest.xml:91:13-69
102            android:screenOrientation="portrait" />
102-->src\main\AndroidManifest.xml:92:13-49
103        <activity
103-->src\main\AndroidManifest.xml:93:9-95:52
104            android:name="com.application.app.modules.apuntes.ui.ApuntesActivity"
104-->src\main\AndroidManifest.xml:94:13-63
105            android:screenOrientation="portrait" />
105-->src\main\AndroidManifest.xml:95:13-49
106        <activity
106-->src\main\AndroidManifest.xml:96:9-98:52
107            android:name="com.application.app.modules.eventoaadido.ui.EventoAAdidoActivity"
107-->src\main\AndroidManifest.xml:97:13-73
108            android:screenOrientation="portrait" />
108-->src\main\AndroidManifest.xml:98:13-49
109        <activity
109-->src\main\AndroidManifest.xml:99:9-101:52
110            android:name="com.application.app.modules.eliminar.ui.EliminarActivity"
110-->src\main\AndroidManifest.xml:100:13-65
111            android:screenOrientation="portrait" />
111-->src\main\AndroidManifest.xml:101:13-49
112        <activity android:name="com.vmadalin.easypermissions.components.TestActivity" />
112-->[com.vmadalin:easypermissions-ktx:0.1.0] AndroidManifest.xml:11:9-89
112-->[com.vmadalin:easypermissions-ktx:0.1.0] AndroidManifest.xml:11:19-86
113        <activity android:name="com.vmadalin.easypermissions.components.TestAppCompatActivity" />
113-->[com.vmadalin:easypermissions-ktx:0.1.0] AndroidManifest.xml:12:9-98
113-->[com.vmadalin:easypermissions-ktx:0.1.0] AndroidManifest.xml:12:19-95
114        <activity android:name="com.vmadalin.easypermissions.components.TestSupportFragmentActivity" />
114-->[com.vmadalin:easypermissions-ktx:0.1.0] AndroidManifest.xml:13:9-104
114-->[com.vmadalin:easypermissions-ktx:0.1.0] AndroidManifest.xml:13:19-101
115
116        <provider
116-->[androidx.lifecycle:lifecycle-process:2.2.0] AndroidManifest.xml:25:9-29:43
117            android:name="androidx.lifecycle.ProcessLifecycleOwnerInitializer"
117-->[androidx.lifecycle:lifecycle-process:2.2.0] AndroidManifest.xml:26:13-79
118            android:authorities="com.application.app.lifecycle-process"
118-->[androidx.lifecycle:lifecycle-process:2.2.0] AndroidManifest.xml:27:13-69
119            android:exported="false"
119-->[androidx.lifecycle:lifecycle-process:2.2.0] AndroidManifest.xml:28:13-37
120            android:multiprocess="true" />
120-->[androidx.lifecycle:lifecycle-process:2.2.0] AndroidManifest.xml:29:13-40
121    </application>
122
123</manifest>